d:\msgpack-c-cpp-2.1.2\build\msgpackc.dir\debug\vc143.pdb
d:\msgpack-c-cpp-2.1.2\build\msgpackc.dir\debug\zone.obj
d:\msgpack-c-cpp-2.1.2\build\msgpackc.dir\debug\vrefbuffer.obj
d:\msgpack-c-cpp-2.1.2\build\msgpackc.dir\debug\version.obj
d:\msgpack-c-cpp-2.1.2\build\msgpackc.dir\debug\unpack.obj
d:\msgpack-c-cpp-2.1.2\build\msgpackc.dir\debug\objectc.obj
d:\msgpack-c-cpp-2.1.2\build\cmakefiles\generate.stamp
d:\msgpack-c-cpp-2.1.2\build\msgpackc.dir\debug\msgpackc.ilk
d:\msgpack-c-cpp-2.1.2\build\debug\msgpackc.dll
d:\msgpack-c-cpp-2.1.2\build\debug\msgpackc.pdb
d:\msgpack-c-cpp-2.1.2\build\debug\msgpackc.lib
d:\msgpack-c-cpp-2.1.2\build\msgpackc.dir\debug\msgpackc.tlog\cl.command.1.tlog
d:\msgpack-c-cpp-2.1.2\build\msgpackc.dir\debug\msgpackc.tlog\cl.items.tlog
d:\msgpack-c-cpp-2.1.2\build\msgpackc.dir\debug\msgpackc.tlog\cl.read.1.tlog
d:\msgpack-c-cpp-2.1.2\build\msgpackc.dir\debug\msgpackc.tlog\cl.write.1.tlog
d:\msgpack-c-cpp-2.1.2\build\msgpackc.dir\debug\msgpackc.tlog\custombuild.command.1.tlog
d:\msgpack-c-cpp-2.1.2\build\msgpackc.dir\debug\msgpackc.tlog\custombuild.read.1.tlog
d:\msgpack-c-cpp-2.1.2\build\msgpackc.dir\debug\msgpackc.tlog\custombuild.write.1.tlog
d:\msgpack-c-cpp-2.1.2\build\msgpackc.dir\debug\msgpackc.tlog\link.command.1.tlog
d:\msgpack-c-cpp-2.1.2\build\msgpackc.dir\debug\msgpackc.tlog\link.read.1.tlog
d:\msgpack-c-cpp-2.1.2\build\msgpackc.dir\debug\msgpackc.tlog\link.write.1.tlog
d:\msgpack-c-cpp-2.1.2\build\msgpackc.dir\debug\msgpackc.tlog\link.write.2u.tlog
